C:\Users\Argim Kaliqi\source\repos\DatingApp\App1\App1- Front\client\dist\out-tsc\app\home\home.component.js
C:\Users\Argim Kaliqi\source\repos\DatingApp\App1\App1- Front\client\dist\out-tsc\app\home\home.component.js.map
C:\Users\Argim Kaliqi\source\repos\DatingApp\App1\App1- Front\client\dist\out-tsc\app\_models\photo.js
C:\Users\Argim Kaliqi\source\repos\DatingApp\App1\App1- Front\client\dist\out-tsc\app\_models\photo.js.map
C:\Users\Argim Kaliqi\source\repos\DatingApp\App1\App1- Front\client\dist\out-tsc\app\_models\member.js
C:\Users\Argim Kaliqi\source\repos\DatingApp\App1\App1- Front\client\dist\out-tsc\app\_models\member.js.map
C:\Users\Argim Kaliqi\source\repos\DatingApp\App1\App1- Front\client\dist\out-tsc\environments\environment.js
C:\Users\Argim Kaliqi\source\repos\DatingApp\App1\App1- Front\client\dist\out-tsc\environments\environment.js.map
C:\Users\Argim Kaliqi\source\repos\DatingApp\App1\App1- Front\client\dist\out-tsc\app\_models\pagination.js
C:\Users\Argim Kaliqi\source\repos\DatingApp\App1\App1- Front\client\dist\out-tsc\app\_models\pagination.js.map
C:\Users\Argim Kaliqi\source\repos\DatingApp\App1\App1- Front\client\dist\out-tsc\app\_models\user.js
C:\Users\Argim Kaliqi\source\repos\DatingApp\App1\App1- Front\client\dist\out-tsc\app\_models\user.js.map
C:\Users\Argim Kaliqi\source\repos\DatingApp\App1\App1- Front\client\dist\out-tsc\app\_models\userParams.js
C:\Users\Argim Kaliqi\source\repos\DatingApp\App1\App1- Front\client\dist\out-tsc\app\_models\userParams.js.map
C:\Users\Argim Kaliqi\source\repos\DatingApp\App1\App1- Front\client\dist\out-tsc\app\_services\account.service.js
C:\Users\Argim Kaliqi\source\repos\DatingApp\App1\App1- Front\client\dist\out-tsc\app\_services\account.service.js.map
C:\Users\Argim Kaliqi\source\repos\DatingApp\App1\App1- Front\client\dist\out-tsc\app\_services\members.service.js
C:\Users\Argim Kaliqi\source\repos\DatingApp\App1\App1- Front\client\dist\out-tsc\app\_services\members.service.js.map
C:\Users\Argim Kaliqi\source\repos\DatingApp\App1\App1- Front\client\dist\out-tsc\app\lists\lists.component.js
C:\Users\Argim Kaliqi\source\repos\DatingApp\App1\App1- Front\client\dist\out-tsc\app\lists\lists.component.js.map
C:\Users\Argim Kaliqi\source\repos\DatingApp\App1\App1- Front\client\dist\out-tsc\app\members\member-detail\member-detail.component.js
C:\Users\Argim Kaliqi\source\repos\DatingApp\App1\App1- Front\client\dist\out-tsc\app\members\member-detail\member-detail.component.js.map
C:\Users\Argim Kaliqi\source\repos\DatingApp\App1\App1- Front\client\dist\out-tsc\app\members\member-edit\member-edit.component.js
C:\Users\Argim Kaliqi\source\repos\DatingApp\App1\App1- Front\client\dist\out-tsc\app\members\member-edit\member-edit.component.js.map
C:\Users\Argim Kaliqi\source\repos\DatingApp\App1\App1- Front\client\dist\out-tsc\app\members\member-list\member-list.component.js
C:\Users\Argim Kaliqi\source\repos\DatingApp\App1\App1- Front\client\dist\out-tsc\app\members\member-list\member-list.component.js.map
C:\Users\Argim Kaliqi\source\repos\DatingApp\App1\App1- Front\client\dist\out-tsc\app\messages\messages.component.js
C:\Users\Argim Kaliqi\source\repos\DatingApp\App1\App1- Front\client\dist\out-tsc\app\messages\messages.component.js.map
C:\Users\Argim Kaliqi\source\repos\DatingApp\App1\App1- Front\client\dist\out-tsc\app\_guards\auth.guard.js
C:\Users\Argim Kaliqi\source\repos\DatingApp\App1\App1- Front\client\dist\out-tsc\app\_guards\auth.guard.js.map
C:\Users\Argim Kaliqi\source\repos\DatingApp\App1\App1- Front\client\dist\out-tsc\app\_guards\prevent-unsaved-changes.guard.js
C:\Users\Argim Kaliqi\source\repos\DatingApp\App1\App1- Front\client\dist\out-tsc\app\_guards\prevent-unsaved-changes.guard.js.map
C:\Users\Argim Kaliqi\source\repos\DatingApp\App1\App1- Front\client\dist\out-tsc\app\app-routing.module.js
C:\Users\Argim Kaliqi\source\repos\DatingApp\App1\App1- Front\client\dist\out-tsc\app\app-routing.module.js.map
C:\Users\Argim Kaliqi\source\repos\DatingApp\App1\App1- Front\client\dist\out-tsc\app\app.component.js
C:\Users\Argim Kaliqi\source\repos\DatingApp\App1\App1- Front\client\dist\out-tsc\app\app.component.js.map
C:\Users\Argim Kaliqi\source\repos\DatingApp\App1\App1- Front\client\dist\out-tsc\app\nav\nav.component.js
C:\Users\Argim Kaliqi\source\repos\DatingApp\App1\App1- Front\client\dist\out-tsc\app\nav\nav.component.js.map
C:\Users\Argim Kaliqi\source\repos\DatingApp\App1\App1- Front\client\dist\out-tsc\app\register\register.component.js
C:\Users\Argim Kaliqi\source\repos\DatingApp\App1\App1- Front\client\dist\out-tsc\app\register\register.component.js.map
C:\Users\Argim Kaliqi\source\repos\DatingApp\App1\App1- Front\client\dist\out-tsc\app\_modules\shared.module.js
C:\Users\Argim Kaliqi\source\repos\DatingApp\App1\App1- Front\client\dist\out-tsc\app\_modules\shared.module.js.map
C:\Users\Argim Kaliqi\source\repos\DatingApp\App1\App1- Front\client\dist\out-tsc\app\members\member-card\member-card.component.js
C:\Users\Argim Kaliqi\source\repos\DatingApp\App1\App1- Front\client\dist\out-tsc\app\members\member-card\member-card.component.js.map
C:\Users\Argim Kaliqi\source\repos\DatingApp\App1\App1- Front\client\dist\out-tsc\app\_interceptors\jwt.interceptor.js
C:\Users\Argim Kaliqi\source\repos\DatingApp\App1\App1- Front\client\dist\out-tsc\app\_interceptors\jwt.interceptor.js.map
C:\Users\Argim Kaliqi\source\repos\DatingApp\App1\App1- Front\client\dist\out-tsc\app\_services\busy.service.js
C:\Users\Argim Kaliqi\source\repos\DatingApp\App1\App1- Front\client\dist\out-tsc\app\_services\busy.service.js.map
C:\Users\Argim Kaliqi\source\repos\DatingApp\App1\App1- Front\client\dist\out-tsc\app\_interceptors\loading.interceptor.js
C:\Users\Argim Kaliqi\source\repos\DatingApp\App1\App1- Front\client\dist\out-tsc\app\_interceptors\loading.interceptor.js.map
C:\Users\Argim Kaliqi\source\repos\DatingApp\App1\App1- Front\client\dist\out-tsc\app\members\photo-editor\photo-editor.component.js
C:\Users\Argim Kaliqi\source\repos\DatingApp\App1\App1- Front\client\dist\out-tsc\app\members\photo-editor\photo-editor.component.js.map
C:\Users\Argim Kaliqi\source\repos\DatingApp\App1\App1- Front\client\dist\out-tsc\app\_forms\text-input\text-input.component.js
C:\Users\Argim Kaliqi\source\repos\DatingApp\App1\App1- Front\client\dist\out-tsc\app\_forms\text-input\text-input.component.js.map
C:\Users\Argim Kaliqi\source\repos\DatingApp\App1\App1- Front\client\dist\out-tsc\app\_forms\date-picker\date-picker.component.js
C:\Users\Argim Kaliqi\source\repos\DatingApp\App1\App1- Front\client\dist\out-tsc\app\_forms\date-picker\date-picker.component.js.map
C:\Users\Argim Kaliqi\source\repos\DatingApp\App1\App1- Front\client\dist\out-tsc\app\app.module.js
C:\Users\Argim Kaliqi\source\repos\DatingApp\App1\App1- Front\client\dist\out-tsc\app\app.module.js.map
C:\Users\Argim Kaliqi\source\repos\DatingApp\App1\App1- Front\client\dist\out-tsc\main.js
C:\Users\Argim Kaliqi\source\repos\DatingApp\App1\App1- Front\client\dist\out-tsc\main.js.map
C:\Users\Argim Kaliqi\source\repos\DatingApp\App1\App1- Front\client\dist\out-tsc\polyfills.js
C:\Users\Argim Kaliqi\source\repos\DatingApp\App1\App1- Front\client\dist\out-tsc\polyfills.js.map
C:\Users\Argim Kaliqi\source\repos\DatingApp\App1\App1- Front\client\dist\out-tsc\test.js
C:\Users\Argim Kaliqi\source\repos\DatingApp\App1\App1- Front\client\dist\out-tsc\test.js.map
C:\Users\Argim Kaliqi\source\repos\DatingApp\App1\App1- Front\client\dist\out-tsc\app\app.component.spec.js
C:\Users\Argim Kaliqi\source\repos\DatingApp\App1\App1- Front\client\dist\out-tsc\app\app.component.spec.js.map
C:\Users\Argim Kaliqi\source\repos\DatingApp\App1\App1- Front\client\dist\out-tsc\environments\environment.prod.js
C:\Users\Argim Kaliqi\source\repos\DatingApp\App1\App1- Front\client\dist\out-tsc\environments\environment.prod.js.map
